<?xml version="1.0" encoding="UTF-8" ?>
<testsuite failures="0" time="0.009" errors="0" skipped="0" tests="1" name="com.jason.hibernate_ehcache_example.AppTest">
  <properties>
    <property name="java.runtime.name" value="Java(TM) SE Runtime Environment"/>
    <property name="sun.boot.library.path" value="/Library/Java/JavaVirtualMachines/jdk1.7.0_76.jdk/Contents/Home/jre/lib"/>
    <property name="java.vm.version" value="24.76-b04"/>
    <property name="user.country.format" value="GB"/>
    <property name="gopherProxySet" value="false"/>
    <property name="java.vm.vendor" value="Oracle Corporation"/>
    <property name="java.vendor.url" value="http://java.oracle.com/"/>
    <property name="path.separator" value=":"/>
    <property name="guice.disable.misplaced.annotation.check" value="true"/>
    <property name="java.vm.name" value="Java HotSpot(TM) 64-Bit Server VM"/>
    <property name="file.encoding.pkg" value="sun.io"/>
    <property name="user.country" value="US"/>
    <property name="sun.java.launcher" value="SUN_STANDARD"/>
    <property name="sun.os.patch.level" value="unknown"/>
    <property name="java.vm.specification.name" value="Java Virtual Machine Specification"/>
    <property name="user.dir" value="/Users/jbwtan/Development/Three/workspace/hibernate-ehcache-example"/>
    <property name="java.runtime.version" value="1.7.0_76-b13"/>
    <property name="java.awt.graphicsenv" value="sun.awt.CGraphicsEnvironment"/>
    <property name="java.endorsed.dirs" value="/Library/Java/JavaVirtualMachines/jdk1.7.0_76.jdk/Contents/Home/jre/lib/endorsed"/>
    <property name="os.arch" value="x86_64"/>
    <property name="java.io.tmpdir" value="/var/folders/sz/lscc6dgj6jd633hc0txgjgwn7yg5jh/T/"/>
    <property name="line.separator" value="
"/>
    <property name="java.vm.specification.vendor" value="Oracle Corporation"/>
    <property name="https.proxyHost" value="172.26.193.2"/>
    <property name="os.name" value="Mac OS X"/>
    <property name="classworlds.conf" value="/Users/jbwtan/Development/Three/workspace/.metadata/.plugins/org.eclipse.m2e.launching/launches/m2conf2021440066914622453.tmp"/>
    <property name="sun.jnu.encoding" value="UTF-8"/>
    <property name="java.library.path" value="/Users/jbwtan/Library/Java/Extensions:/Library/Java/Extensions:/Network/Library/Java/Extensions:/System/Library/Java/Extensions:/usr/lib/java:."/>
    <property name="http.proxyPort" value="8080"/>
    <property name="java.specification.name" value="Java Platform API Specification"/>
    <property name="java.class.version" value="51.0"/>
    <property name="java.net.preferIPv4Stack" value="true"/>
    <property name="sun.management.compiler" value="HotSpot 64-Bit Tiered Compilers"/>
    <property name="os.version" value="10.9.5"/>
    <property name="http.nonProxyHosts" value="local|*.local|uksrplyncfep01.baesystemsdetica.com|*.uksrplyncfep01.baesystemsdetica.com|csu.local|*.csu.local|baesystemsai.com|*.baesystemsai.com|detica.com|*.detica.com|hutchison3g.net|*.hutchison3g.net|connect|*.connect|deticaconnect|*.deticaconnect|dsep|*.dsep|onlinejira.three.co.uk|*.onlinejira.three.co.uk|onlinewiki.three.co.uk|*.onlinewiki.three.co.uk|212.124.245.174|192.168.9.1|localhost|*.localhost|gigselfservice|*.gigselfservice"/>
    <property name="user.home" value="/Users/jbwtan"/>
    <property name="user.timezone" value="Europe/London"/>
    <property name="java.awt.printerjob" value="sun.lwawt.macosx.CPrinterJob"/>
    <property name="java.specification.version" value="1.7"/>
    <property name="file.encoding" value="UTF-8"/>
    <property name="user.name" value="jbwtan"/>
    <property name="java.class.path" value="/opt/apache-maven-3.0.5/boot/plexus-classworlds-2.4.jar"/>
    <property name="java.vm.specification.version" value="1.7"/>
    <property name="sun.arch.data.model" value="64"/>
    <property name="java.home" value="/Library/Java/JavaVirtualMachines/jdk1.7.0_76.jdk/Contents/Home/jre"/>
    <property name="sun.java.command" value="org.codehaus.plexus.classworlds.launcher.Launcher -B -s /Users/jbwtan/.m2/settings.xml clean install"/>
    <property name="java.specification.vendor" value="Oracle Corporation"/>
    <property name="user.language" value="en"/>
    <property name="awt.toolkit" value="sun.lwawt.macosx.LWCToolkit"/>
    <property name="java.vm.info" value="mixed mode"/>
    <property name="java.version" value="1.7.0_76"/>
    <property name="java.ext.dirs" value="/Users/jbwtan/Library/Java/Extensions:/Library/Java/JavaVirtualMachines/jdk1.7.0_76.jdk/Contents/Home/jre/lib/ext:/Library/Java/Extensions:/Network/Library/Java/Extensions:/System/Library/Java/Extensions:/usr/lib/java"/>
    <property name="http.proxyHost" value="172.26.193.2"/>
    <property name="sun.boot.class.path" value="/Library/Java/JavaVirtualMachines/jdk1.7.0_76.jdk/Contents/Home/jre/lib/resources.jar:/Library/Java/JavaVirtualMachines/jdk1.7.0_76.jdk/Contents/Home/jre/lib/rt.jar:/Library/Java/JavaVirtualMachines/jdk1.7.0_76.jdk/Contents/Home/jre/lib/sunrsasign.jar:/Library/Java/JavaVirtualMachines/jdk1.7.0_76.jdk/Contents/Home/jre/lib/jsse.jar:/Library/Java/JavaVirtualMachines/jdk1.7.0_76.jdk/Contents/Home/jre/lib/jce.jar:/Library/Java/JavaVirtualMachines/jdk1.7.0_76.jdk/Contents/Home/jre/lib/charsets.jar:/Library/Java/JavaVirtualMachines/jdk1.7.0_76.jdk/Contents/Home/jre/lib/jfr.jar:/Library/Java/JavaVirtualMachines/jdk1.7.0_76.jdk/Contents/Home/jre/classes"/>
    <property name="java.vendor" value="Oracle Corporation"/>
    <property name="maven.home" value="/opt/apache-maven-3.0.5"/>
    <property name="file.separator" value="/"/>
    <property name="java.vendor.url.bug" value="http://bugreport.sun.com/bugreport/"/>
    <property name="sun.cpu.endian" value="little"/>
    <property name="sun.io.unicode.encoding" value="UnicodeBig"/>
    <property name="https.proxyPort" value="8080"/>
    <property name="socksNonProxyHosts" value="local|*.local|uksrplyncfep01.baesystemsdetica.com|*.uksrplyncfep01.baesystemsdetica.com|csu.local|*.csu.local|baesystemsai.com|*.baesystemsai.com|detica.com|*.detica.com|hutchison3g.net|*.hutchison3g.net|connect|*.connect|deticaconnect|*.deticaconnect|dsep|*.dsep|onlinejira.three.co.uk|*.onlinejira.three.co.uk|onlinewiki.three.co.uk|*.onlinewiki.three.co.uk|212.124.245.174|192.168.9.1|localhost|*.localhost|gigselfservice|*.gigselfservice"/>
    <property name="ftp.nonProxyHosts" value="local|*.local|uksrplyncfep01.baesystemsdetica.com|*.uksrplyncfep01.baesystemsdetica.com|csu.local|*.csu.local|baesystemsai.com|*.baesystemsai.com|detica.com|*.detica.com|hutchison3g.net|*.hutchison3g.net|connect|*.connect|deticaconnect|*.deticaconnect|dsep|*.dsep|onlinejira.three.co.uk|*.onlinejira.three.co.uk|onlinewiki.three.co.uk|*.onlinewiki.three.co.uk|212.124.245.174|192.168.9.1|localhost|*.localhost|gigselfservice|*.gigselfservice"/>
    <property name="sun.cpu.isalist" value=""/>
  </properties>
  <testcase time="0.002" classname="com.jason.hibernate_ehcache_example.AppTest" name="testApp"/>
</testsuite>